Using pre-set license
Built from '2021.1/staging' branch; Version is '2021.1.17f1 (03b40fe07a36) revision 242703'; Using compiler version '192528614'; Build Type 'Release'
OS: 'Windows 10 Enterprise; OS build 19044.1586; Version 2009; 64bit' Language: 'en' Physical Memory: 32512 MB
BatchMode: 1, IsHumanControllingUs: 0, StartBugReporterOnCrash: 0, Is64bit: 1, IsPro: 0

 COMMAND LINE ARGUMENTS:
C:\Program Files\Unity 2021.1.17f1\Editor\Unity.exe
-adb2
-batchMode
-noUpm
-name
AssetImportWorker1
-projectPath
C:/Users/e010103j/Documents/GitHub/The-Living-Crypts
-logFile
Logs/AssetImportWorker1.log
-srvPort
52963
Successfully changed project path to: C:/Users/e010103j/Documents/GitHub/The-Living-Crypts
C:/Users/e010103j/Documents/GitHub/The-Living-Crypts
Using Asset Import Pipeline V2.
Refreshing native plugins compatible for Editor in 50.60 ms, found 2 plugins.
Preloading 0 native plugins for Editor in 0.00 ms.
Initialize engine version: 2021.1.17f1 (03b40fe07a36)
[Subsystems] Discovering subsystems at path C:/Program Files/Unity 2021.1.17f1/Editor/Data/Resources/UnitySubsystems
[Subsystems] Discovering subsystems at path C:/Users/e010103j/Documents/GitHub/The-Living-Crypts/Assets
GfxDevice: creating device client; threaded=0; jobified=0
Direct3D:
    Version:  Direct3D 11.0 [level 11.1]
    Renderer: NVIDIA GeForce RTX 3080 (ID=0x2206)
    Vendor:   NVIDIA
    VRAM:     10078 MB
    Driver:   30.0.14.7208
Initialize mono
Mono path[0] = 'C:/Program Files/Unity 2021.1.17f1/Editor/Data/Managed'
Mono path[1] = 'C:/Program Files/Unity 2021.1.17f1/Editor/Data/MonoBleedingEdge/lib/mono/unityjit'
Mono config path = 'C:/Program Files/Unity 2021.1.17f1/Editor/Data/MonoBleedingEdge/etc'
Using monoOptions --debugger-agent=transport=dt_socket,embedding=1,server=y,suspend=n,address=127.0.0.1:56892
Begin MonoManager ReloadAssembly
Registering precompiled unity dll's ...
Register platform support module: C:/Program Files/Unity 2021.1.17f1/Editor/Data/PlaybackEngines/WebGLSupport/UnityEditor.WebGL.Extensions.dll
Register platform support module: C:/Program Files/Unity 2021.1.17f1/Editor/Data/PlaybackEngines/WindowsStandaloneSupport/UnityEditor.WindowsStandalone.Extensions.dll
Registered in 0.001154 seconds.
Native extension for WindowsStandalone target not found
Native extension for WebGL target not found
Refreshing native plugins compatible for Editor in 51.26 ms, found 2 plugins.
Preloading 0 native plugins for Editor in 0.00 ms.
Mono: successfully reloaded assembly
- Completed reload, in  1.180 seconds
Domain Reload Profiling:
	ReloadAssembly (1180ms)
		BeginReloadAssembly (45ms)
			ExecutionOrderSort (0ms)
			DisableScriptedObjects (0ms)
			BackupInstance (0ms)
			ReleaseScriptingObjects (0ms)
			CreateAndSetChildDomain (1ms)
		EndReloadAssembly (417ms)
			LoadAssemblies (44ms)
			RebuildTransferFunctionScriptingTraits (0ms)
			SetupTypeCache (189ms)
			ReleaseScriptCaches (0ms)
			RebuildScriptCaches (26ms)
			SetupLoadedEditorAssemblies (164ms)
				LogAssemblyErrors (0ms)
				InitializePlatformSupportModulesInManaged (5ms)
				SetLoadedEditorAssemblies (0ms)
				RefreshPlugins (51ms)
				BeforeProcessingInitializeOnLoad (1ms)
				ProcessInitializeOnLoadAttributes (79ms)
				ProcessInitializeOnLoadMethodAttributes (27ms)
				AfterProcessingInitializeOnLoad (0ms)
				EditorAssembliesLoaded (0ms)
			ExecutionOrderSort2 (0ms)
			AwakeInstancesAfterBackupRestoration (0ms)
Platform modules already initialized, skipping
Registering precompiled user dll's ...
Registered in 0.003031 seconds.
Begin MonoManager ReloadAssembly
Native extension for WindowsStandalone target not found
Native extension for WebGL target not found
Refreshing native plugins compatible for Editor in 53.75 ms, found 2 plugins.
Preloading 0 native plugins for Editor in 0.00 ms.
Mono: successfully reloaded assembly
- Completed reload, in  1.410 seconds
Domain Reload Profiling:
	ReloadAssembly (1410ms)
		BeginReloadAssembly (117ms)
			ExecutionOrderSort (0ms)
			DisableScriptedObjects (4ms)
			BackupInstance (0ms)
			ReleaseScriptingObjects (0ms)
			CreateAndSetChildDomain (17ms)
		EndReloadAssembly (1249ms)
			LoadAssemblies (75ms)
			RebuildTransferFunctionScriptingTraits (0ms)
			SetupTypeCache (262ms)
			ReleaseScriptCaches (0ms)
			RebuildScriptCaches (59ms)
			SetupLoadedEditorAssemblies (784ms)
				LogAssemblyErrors (0ms)
				InitializePlatformSupportModulesInManaged (4ms)
				SetLoadedEditorAssemblies (0ms)
				RefreshPlugins (54ms)
				BeforeProcessingInitializeOnLoad (74ms)
				ProcessInitializeOnLoadAttributes (645ms)
				ProcessInitializeOnLoadMethodAttributes (4ms)
				AfterProcessingInitializeOnLoad (3ms)
				EditorAssembliesLoaded (0ms)
			ExecutionOrderSort2 (0ms)
			AwakeInstancesAfterBackupRestoration (5ms)
Platform modules already initialized, skipping
========================================================================
Worker process is ready to serve import requests
Launched and connected shader compiler UnityShaderCompiler.exe after 0.05 seconds
Refreshing native plugins compatible for Editor in 0.52 ms, found 2 plugins.
Preloading 0 native plugins for Editor in 0.00 ms.
Unloading 3833 Unused Serialized files (Serialized files now loaded: 0)
System memory in use before: 169.9 MB.
System memory in use after: 170.1 MB.

Unloading 152 unused Assets to reduce memory usage. Loaded Objects now: 4275.
Total: 3.133500 ms (FindLiveObjects: 0.210700 ms CreateObjectMapping: 0.097400 ms MarkObjects: 2.641400 ms  DeleteObjects: 0.183200 ms)

AssetImportParameters requested are different than current active one (requested -> active):
  custom:framework-win-MediaFoundation: 216162199b28c13a410421893ffa2e32 -> 
  custom:video-decoder-ogg-theora: a1e56fd34408186e4bbccfd4996cb3dc -> 
  custom:container-muxer-webm: aa71ff27fc2769a1b78a27578f13a17b -> 
  custom:container-demuxer-webm: 4f35f7cbe854078d1ac9338744f61a02 -> 
  custom:container-demuxer-ogg: 62fdf1f143b41e24485cea50d1cbac27 -> 
  custom:video-encoder-webm-vp8: eb34c28f22e8b96e1ab97ce403110664 -> 
  custom:video-decoder-webm-vp8: 9c59270c3fd7afecdb556c50c9e8de78 -> 
  custom:audio-decoder-ogg-vorbis: bf7c407c2cedff20999df2af8eb42d56 -> 
  custom:audio-encoder-webm-vorbis: bf7c407c2cedff20999df2af8eb42d56 -> 
========================================================================
Received Import Request.
  path: Assets/Scenes/Rooms/CryptSpawn.unity
  artifactKey: Guid(b35476fa5c911304c8cd5ae0291680fd) Importer(815301076,1909f56bfc062723c751e8b465ee728b)
Start importing Assets/Scenes/Rooms/CryptSpawn.unity using Guid(b35476fa5c911304c8cd5ae0291680fd) Importer(815301076,1909f56bfc062723c751e8b465ee728b)  -> (artifact id: 'c8adcee7aea3a254057d23f04714f58b') in 0.367665 seconds 
========================================================================
Received Prepare
Registering precompiled user dll's ...
Registered in 0.002464 seconds.
Begin MonoManager ReloadAssembly
Native extension for WindowsStandalone target not found
Native extension for WebGL target not found
Refreshing native plugins compatible for Editor in 0.58 ms, found 2 plugins.
Preloading 0 native plugins for Editor in 0.00 ms.
Warning: Annotation not found!
UnityEngine.StackTraceUtility:ExtractStackTrace ()
UnityEditor.ProBuilder.EditorUtility:SetGizmoIconEnabled (System.Type,bool) (at Library/PackageCache/com.unity.probuilder@5.0.3/Editor/EditorCore/EditorUtility.cs:575)
UnityEditor.ProBuilder.HierarchyListener:.cctor () (at Library/PackageCache/com.unity.probuilder@5.0.3/Editor/EditorCore/HierarchyListener.cs:21)
System.Runtime.CompilerServices.RuntimeHelpers:RunClassConstructor (System.RuntimeTypeHandle)
UnityEditor.EditorAssemblies:ProcessInitializeOnLoadAttributes (System.Type[])

[Library/PackageCache/com.unity.probuilder@5.0.3/Editor/EditorCore/EditorUtility.cs line 575]

Mono: successfully reloaded assembly
- Completed reload, in  0.955 seconds
Domain Reload Profiling:
	ReloadAssembly (955ms)
		BeginReloadAssembly (125ms)
			ExecutionOrderSort (0ms)
			DisableScriptedObjects (4ms)
			BackupInstance (0ms)
			ReleaseScriptingObjects (0ms)
			CreateAndSetChildDomain (40ms)
		EndReloadAssembly (779ms)
			LoadAssemblies (76ms)
			RebuildTransferFunctionScriptingTraits (0ms)
			SetupTypeCache (221ms)
			ReleaseScriptCaches (1ms)
			RebuildScriptCaches (39ms)
			SetupLoadedEditorAssemblies (367ms)
				LogAssemblyErrors (0ms)
				InitializePlatformSupportModulesInManaged (4ms)
				SetLoadedEditorAssemblies (0ms)
				RefreshPlugins (1ms)
				BeforeProcessingInitializeOnLoad (53ms)
				ProcessInitializeOnLoadAttributes (303ms)
				ProcessInitializeOnLoadMethodAttributes (3ms)
				AfterProcessingInitializeOnLoad (3ms)
				EditorAssembliesLoaded (0ms)
			ExecutionOrderSort2 (0ms)
			AwakeInstancesAfterBackupRestoration (7ms)
Platform modules already initialized, skipping
Refreshing native plugins compatible for Editor in 0.56 ms, found 2 plugins.
Preloading 0 native plugins for Editor in 0.00 ms.
Unloading 3676 Unused Serialized files (Serialized files now loaded: 0)
System memory in use before: 158.8 MB.
System memory in use after: 159.0 MB.

Unloading 19 unused Assets to reduce memory usage. Loaded Objects now: 4279.
Total: 3.024600 ms (FindLiveObjects: 0.241400 ms CreateObjectMapping: 0.108800 ms MarkObjects: 2.568200 ms  DeleteObjects: 0.105400 ms)

AssetImportParameters requested are different than current active one (requested -> active):
  custom:framework-win-MediaFoundation: 216162199b28c13a410421893ffa2e32 -> 
  custom:video-decoder-ogg-theora: a1e56fd34408186e4bbccfd4996cb3dc -> 
  custom:container-muxer-webm: aa71ff27fc2769a1b78a27578f13a17b -> 
  custom:container-demuxer-webm: 4f35f7cbe854078d1ac9338744f61a02 -> 
  custom:container-demuxer-ogg: 62fdf1f143b41e24485cea50d1cbac27 -> 
  custom:video-encoder-webm-vp8: eb34c28f22e8b96e1ab97ce403110664 -> 
  custom:video-decoder-webm-vp8: 9c59270c3fd7afecdb556c50c9e8de78 -> 
  custom:audio-decoder-ogg-vorbis: bf7c407c2cedff20999df2af8eb42d56 -> 
  custom:audio-encoder-webm-vorbis: bf7c407c2cedff20999df2af8eb42d56 -> 
========================================================================
Received Prepare
Registering precompiled user dll's ...
Registered in 0.002709 seconds.
Begin MonoManager ReloadAssembly
Native extension for WindowsStandalone target not found
Native extension for WebGL target not found
Refreshing native plugins compatible for Editor in 0.52 ms, found 2 plugins.
Preloading 0 native plugins for Editor in 0.00 ms.
Warning: Annotation not found!
UnityEngine.StackTraceUtility:ExtractStackTrace ()
UnityEditor.ProBuilder.EditorUtility:SetGizmoIconEnabled (System.Type,bool) (at Library/PackageCache/com.unity.probuilder@5.0.3/Editor/EditorCore/EditorUtility.cs:575)
UnityEditor.ProBuilder.HierarchyListener:.cctor () (at Library/PackageCache/com.unity.probuilder@5.0.3/Editor/EditorCore/HierarchyListener.cs:21)
System.Runtime.CompilerServices.RuntimeHelpers:RunClassConstructor (System.RuntimeTypeHandle)
UnityEditor.EditorAssemblies:ProcessInitializeOnLoadAttributes (System.Type[])

[Library/PackageCache/com.unity.probuilder@5.0.3/Editor/EditorCore/EditorUtility.cs line 575]

Mono: successfully reloaded assembly
- Completed reload, in  0.978 seconds
Domain Reload Profiling:
	ReloadAssembly (978ms)
		BeginReloadAssembly (111ms)
			ExecutionOrderSort (0ms)
			DisableScriptedObjects (3ms)
			BackupInstance (0ms)
			ReleaseScriptingObjects (0ms)
			CreateAndSetChildDomain (32ms)
		EndReloadAssembly (822ms)
			LoadAssemblies (71ms)
			RebuildTransferFunctionScriptingTraits (0ms)
			SetupTypeCache (234ms)
			ReleaseScriptCaches (1ms)
			RebuildScriptCaches (40ms)
			SetupLoadedEditorAssemblies (389ms)
				LogAssemblyErrors (0ms)
				InitializePlatformSupportModulesInManaged (4ms)
				SetLoadedEditorAssemblies (0ms)
				RefreshPlugins (1ms)
				BeforeProcessingInitializeOnLoad (57ms)
				ProcessInitializeOnLoadAttributes (320ms)
				ProcessInitializeOnLoadMethodAttributes (3ms)
				AfterProcessingInitializeOnLoad (3ms)
				EditorAssembliesLoaded (0ms)
			ExecutionOrderSort2 (0ms)
			AwakeInstancesAfterBackupRestoration (8ms)
Platform modules already initialized, skipping
Refreshing native plugins compatible for Editor in 0.53 ms, found 2 plugins.
Preloading 0 native plugins for Editor in 0.00 ms.
Unloading 3676 Unused Serialized files (Serialized files now loaded: 0)
System memory in use before: 158.8 MB.
System memory in use after: 159.0 MB.

Unloading 19 unused Assets to reduce memory usage. Loaded Objects now: 4283.
Total: 3.500900 ms (FindLiveObjects: 0.238300 ms CreateObjectMapping: 0.103500 ms MarkObjects: 3.049900 ms  DeleteObjects: 0.108700 ms)

AssetImportParameters requested are different than current active one (requested -> active):
  custom:framework-win-MediaFoundation: 216162199b28c13a410421893ffa2e32 -> 
  custom:video-decoder-ogg-theora: a1e56fd34408186e4bbccfd4996cb3dc -> 
  custom:container-muxer-webm: aa71ff27fc2769a1b78a27578f13a17b -> 
  custom:container-demuxer-webm: 4f35f7cbe854078d1ac9338744f61a02 -> 
  custom:container-demuxer-ogg: 62fdf1f143b41e24485cea50d1cbac27 -> 
  custom:video-encoder-webm-vp8: eb34c28f22e8b96e1ab97ce403110664 -> 
  custom:video-decoder-webm-vp8: 9c59270c3fd7afecdb556c50c9e8de78 -> 
  custom:audio-decoder-ogg-vorbis: bf7c407c2cedff20999df2af8eb42d56 -> 
  custom:audio-encoder-webm-vorbis: bf7c407c2cedff20999df2af8eb42d56 -> 
========================================================================
Received Prepare
Registering precompiled user dll's ...
Registered in 0.002445 seconds.
Begin MonoManager ReloadAssembly
Native extension for WindowsStandalone target not found
Native extension for WebGL target not found
Refreshing native plugins compatible for Editor in 0.54 ms, found 2 plugins.
Preloading 0 native plugins for Editor in 0.00 ms.
Warning: Annotation not found!
UnityEngine.StackTraceUtility:ExtractStackTrace ()
UnityEditor.ProBuilder.EditorUtility:SetGizmoIconEnabled (System.Type,bool) (at Library/PackageCache/com.unity.probuilder@5.0.3/Editor/EditorCore/EditorUtility.cs:575)
UnityEditor.ProBuilder.HierarchyListener:.cctor () (at Library/PackageCache/com.unity.probuilder@5.0.3/Editor/EditorCore/HierarchyListener.cs:21)
System.Runtime.CompilerServices.RuntimeHelpers:RunClassConstructor (System.RuntimeTypeHandle)
UnityEditor.EditorAssemblies:ProcessInitializeOnLoadAttributes (System.Type[])

[Library/PackageCache/com.unity.probuilder@5.0.3/Editor/EditorCore/EditorUtility.cs line 575]

Mono: successfully reloaded assembly
- Completed reload, in  0.969 seconds
Domain Reload Profiling:
	ReloadAssembly (969ms)
		BeginReloadAssembly (101ms)
			ExecutionOrderSort (0ms)
			DisableScriptedObjects (4ms)
			BackupInstance (0ms)
			ReleaseScriptingObjects (0ms)
			CreateAndSetChildDomain (29ms)
		EndReloadAssembly (825ms)
			LoadAssemblies (70ms)
			RebuildTransferFunctionScriptingTraits (0ms)
			SetupTypeCache (231ms)
			ReleaseScriptCaches (2ms)
			RebuildScriptCaches (44ms)
			SetupLoadedEditorAssemblies (393ms)
				LogAssemblyErrors (0ms)
				InitializePlatformSupportModulesInManaged (4ms)
				SetLoadedEditorAssemblies (0ms)
				RefreshPlugins (1ms)
				BeforeProcessingInitializeOnLoad (54ms)
				ProcessInitializeOnLoadAttributes (328ms)
				ProcessInitializeOnLoadMethodAttributes (3ms)
				AfterProcessingInitializeOnLoad (3ms)
				EditorAssembliesLoaded (0ms)
			ExecutionOrderSort2 (0ms)
			AwakeInstancesAfterBackupRestoration (7ms)
Platform modules already initialized, skipping
Refreshing native plugins compatible for Editor in 0.53 ms, found 2 plugins.
Preloading 0 native plugins for Editor in 0.00 ms.
Unloading 3676 Unused Serialized files (Serialized files now loaded: 0)
System memory in use before: 158.9 MB.
System memory in use after: 159.1 MB.

Unloading 19 unused Assets to reduce memory usage. Loaded Objects now: 4287.
Total: 3.008000 ms (FindLiveObjects: 0.205700 ms CreateObjectMapping: 0.099900 ms MarkObjects: 2.598800 ms  DeleteObjects: 0.102900 ms)

AssetImportParameters requested are different than current active one (requested -> active):
  custom:framework-win-MediaFoundation: 216162199b28c13a410421893ffa2e32 -> 
  custom:video-decoder-ogg-theora: a1e56fd34408186e4bbccfd4996cb3dc -> 
  custom:container-muxer-webm: aa71ff27fc2769a1b78a27578f13a17b -> 
  custom:container-demuxer-webm: 4f35f7cbe854078d1ac9338744f61a02 -> 
  custom:container-demuxer-ogg: 62fdf1f143b41e24485cea50d1cbac27 -> 
  custom:video-encoder-webm-vp8: eb34c28f22e8b96e1ab97ce403110664 -> 
  custom:video-decoder-webm-vp8: 9c59270c3fd7afecdb556c50c9e8de78 -> 
  custom:audio-decoder-ogg-vorbis: bf7c407c2cedff20999df2af8eb42d56 -> 
  custom:audio-encoder-webm-vorbis: bf7c407c2cedff20999df2af8eb42d56 -> 
========================================================================
Received Prepare
Registering precompiled user dll's ...
Registered in 0.002391 seconds.
Begin MonoManager ReloadAssembly
Native extension for WindowsStandalone target not found
Native extension for WebGL target not found
Refreshing native plugins compatible for Editor in 0.60 ms, found 2 plugins.
Preloading 0 native plugins for Editor in 0.00 ms.
Warning: Annotation not found!
UnityEngine.StackTraceUtility:ExtractStackTrace ()
UnityEditor.ProBuilder.EditorUtility:SetGizmoIconEnabled (System.Type,bool) (at Library/PackageCache/com.unity.probuilder@5.0.3/Editor/EditorCore/EditorUtility.cs:575)
UnityEditor.ProBuilder.HierarchyListener:.cctor () (at Library/PackageCache/com.unity.probuilder@5.0.3/Editor/EditorCore/HierarchyListener.cs:21)
System.Runtime.CompilerServices.RuntimeHelpers:RunClassConstructor (System.RuntimeTypeHandle)
UnityEditor.EditorAssemblies:ProcessInitializeOnLoadAttributes (System.Type[])

[Library/PackageCache/com.unity.probuilder@5.0.3/Editor/EditorCore/EditorUtility.cs line 575]

Mono: successfully reloaded assembly
- Completed reload, in  0.961 seconds
Domain Reload Profiling:
	ReloadAssembly (962ms)
		BeginReloadAssembly (105ms)
			ExecutionOrderSort (0ms)
			DisableScriptedObjects (4ms)
			BackupInstance (0ms)
			ReleaseScriptingObjects (0ms)
			CreateAndSetChildDomain (31ms)
		EndReloadAssembly (811ms)
			LoadAssemblies (69ms)
			RebuildTransferFunctionScriptingTraits (0ms)
			SetupTypeCache (231ms)
			ReleaseScriptCaches (1ms)
			RebuildScriptCaches (41ms)
			SetupLoadedEditorAssemblies (388ms)
				LogAssemblyErrors (0ms)
				InitializePlatformSupportModulesInManaged (4ms)
				SetLoadedEditorAssemblies (0ms)
				RefreshPlugins (1ms)
				BeforeProcessingInitializeOnLoad (58ms)
				ProcessInitializeOnLoadAttributes (318ms)
				ProcessInitializeOnLoadMethodAttributes (3ms)
				AfterProcessingInitializeOnLoad (3ms)
				EditorAssembliesLoaded (0ms)
			ExecutionOrderSort2 (0ms)
			AwakeInstancesAfterBackupRestoration (8ms)
Platform modules already initialized, skipping
Refreshing native plugins compatible for Editor in 0.53 ms, found 2 plugins.
Preloading 0 native plugins for Editor in 0.00 ms.
Unloading 3676 Unused Serialized files (Serialized files now loaded: 0)
System memory in use before: 158.9 MB.
System memory in use after: 159.1 MB.

Unloading 19 unused Assets to reduce memory usage. Loaded Objects now: 4291.
Total: 3.530000 ms (FindLiveObjects: 0.198900 ms CreateObjectMapping: 0.094700 ms MarkObjects: 3.135500 ms  DeleteObjects: 0.100100 ms)

AssetImportParameters requested are different than current active one (requested -> active):
  custom:framework-win-MediaFoundation: 216162199b28c13a410421893ffa2e32 -> 
  custom:video-decoder-ogg-theora: a1e56fd34408186e4bbccfd4996cb3dc -> 
  custom:container-muxer-webm: aa71ff27fc2769a1b78a27578f13a17b -> 
  custom:container-demuxer-webm: 4f35f7cbe854078d1ac9338744f61a02 -> 
  custom:container-demuxer-ogg: 62fdf1f143b41e24485cea50d1cbac27 -> 
  custom:video-encoder-webm-vp8: eb34c28f22e8b96e1ab97ce403110664 -> 
  custom:video-decoder-webm-vp8: 9c59270c3fd7afecdb556c50c9e8de78 -> 
  custom:audio-decoder-ogg-vorbis: bf7c407c2cedff20999df2af8eb42d56 -> 
  custom:audio-encoder-webm-vorbis: bf7c407c2cedff20999df2af8eb42d56 -> 
========================================================================
Received Import Request.
  Time since last request: 723.556020 seconds.
  path: Assets/Material/M_WeaponTemp.mat
  artifactKey: Guid(118f8d13e10ee5e4580ada754f28dae6) Importer(815301076,1909f56bfc062723c751e8b465ee728b)
Start importing Assets/Material/M_WeaponTemp.mat using Guid(118f8d13e10ee5e4580ada754f28dae6) Importer(815301076,1909f56bfc062723c751e8b465ee728b)  -> (artifact id: '9d3bd2c6b3f9ca9c3b239cd05ac2e1a9') in 0.201585 seconds 
========================================================================
Received Import Request.
  Time since last request: 0.000257 seconds.
  path: Assets/Prefabs/Rooms/Interior/Furniture/WeaponAltar(Static).prefab
  artifactKey: Guid(f0a9503b95d6bac4a96bb680b5ce6104) Importer(815301076,1909f56bfc062723c751e8b465ee728b)
Start importing Assets/Prefabs/Rooms/Interior/Furniture/WeaponAltar(Static).prefab using Guid(f0a9503b95d6bac4a96bb680b5ce6104) Importer(815301076,1909f56bfc062723c751e8b465ee728b)  -> (artifact id: 'cef3dab51858d4edf22e02c001f26dda') in 0.038027 seconds 
========================================================================
Received Import Request.
  Time since last request: 2.983190 seconds.
  path: Assets/UI/BossHealthBar.png
  artifactKey: Guid(b8dc3328609c7324aa14e42729c7d7d9) Importer(815301076,1909f56bfc062723c751e8b465ee728b)
Start importing Assets/UI/BossHealthBar.png using Guid(b8dc3328609c7324aa14e42729c7d7d9) Importer(815301076,1909f56bfc062723c751e8b465ee728b)  -> (artifact id: '4e40e4a951af09137e5ec5c57270601b') in 0.451729 seconds 
========================================================================
Received Import Request.
  Time since last request: 0.000273 seconds.
  path: Assets/Prefabs/Weapons/The Balance.prefab
  artifactKey: Guid(e67d19499323f2f49861fe02e11bbac2) Importer(815301076,1909f56bfc062723c751e8b465ee728b)
Start importing Assets/Prefabs/Weapons/The Balance.prefab using Guid(e67d19499323f2f49861fe02e11bbac2) Importer(815301076,1909f56bfc062723c751e8b465ee728b)  -> (artifact id: '1fcba698b0bf3c5cfb32c0686010896a') in 0.019340 seconds 
========================================================================
Received Import Request.
  Time since last request: 0.000353 seconds.
  path: Assets/Customizable Skybox/Materials/earth.mat
  artifactKey: Guid(ef6223db6cd2fd94481bcb5ce352cc30) Importer(815301076,1909f56bfc062723c751e8b465ee728b)
Start importing Assets/Customizable Skybox/Materials/earth.mat using Guid(ef6223db6cd2fd94481bcb5ce352cc30) Importer(815301076,1909f56bfc062723c751e8b465ee728b)  -> (artifact id: 'b15d7d2d7f9aa51853918271addc35a2') in 0.018417 seconds 
========================================================================
Received Import Request.
  Time since last request: 0.000303 seconds.
  path: Assets/PathCreator/Core/Runtime/PathCreator.asmdef
  artifactKey: Guid(626070ea3273cb844a310aa4f53b31fa) Importer(815301076,1909f56bfc062723c751e8b465ee728b)
Start importing Assets/PathCreator/Core/Runtime/PathCreator.asmdef using Guid(626070ea3273cb844a310aa4f53b31fa) Importer(815301076,1909f56bfc062723c751e8b465ee728b)  -> (artifact id: '5a6da5bfb3f040d4a22c4f41b275e947') in 0.006318 seconds 
========================================================================
Received Import Request.
  Time since last request: 0.000216 seconds.
  path: Assets/Prefabs/Rooms/Static/CryptHub(Root).prefab
  artifactKey: Guid(f580f7bc636dd154fb9ab7009b113019) Importer(815301076,1909f56bfc062723c751e8b465ee728b)
Start importing Assets/Prefabs/Rooms/Static/CryptHub(Root).prefab using Guid(f580f7bc636dd154fb9ab7009b113019) Importer(815301076,1909f56bfc062723c751e8b465ee728b)  -> (artifact id: '332f1c707ca04c25539ec32203f307da') in 0.030902 seconds 
========================================================================
Received Import Request.
  Time since last request: 0.000304 seconds.
  path: Assets/UI/BossHealthBarBackground.png
  artifactKey: Guid(5a464a91ed9862f4e81272244dff1b3b) Importer(815301076,1909f56bfc062723c751e8b465ee728b)
Start importing Assets/UI/BossHealthBarBackground.png using Guid(5a464a91ed9862f4e81272244dff1b3b) Importer(815301076,1909f56bfc062723c751e8b465ee728b)  -> (artifact id: '0b5f4a2bbc6bfa16b9c4464487d7c814') in 0.016649 seconds 
========================================================================
Received Import Request.
  Time since last request: 0.000215 seconds.
  path: Assets/Prefabs/Weapons/Sword The Legacy.prefab
  artifactKey: Guid(3ebc8b496517a214db43fc78a669b889) Importer(815301076,1909f56bfc062723c751e8b465ee728b)
Start importing Assets/Prefabs/Weapons/Sword The Legacy.prefab using Guid(3ebc8b496517a214db43fc78a669b889) Importer(815301076,1909f56bfc062723c751e8b465ee728b)  -> (artifact id: '1b4b175bc6273e83c692a37e3b909d16') in 0.007885 seconds 
========================================================================
Received Import Request.
  Time since last request: 0.000256 seconds.
  path: Assets/Prefabs/Volumes/TheBalanceShield.prefab
  artifactKey: Guid(06b1f9a192313ac4a9cefee331397a28) Importer(815301076,1909f56bfc062723c751e8b465ee728b)
Start importing Assets/Prefabs/Volumes/TheBalanceShield.prefab using Guid(06b1f9a192313ac4a9cefee331397a28) Importer(815301076,1909f56bfc062723c751e8b465ee728b)  -> (artifact id: 'a50313ced6bde5f00263979fabfafab8') in 0.012308 seconds 
========================================================================
Received Import Request.
  Time since last request: 0.000218 seconds.
  path: Assets/PathCreator/Examples/Prefabs/Path.prefab
  artifactKey: Guid(2791553a612d84e7c9f3c0a95308376f) Importer(815301076,1909f56bfc062723c751e8b465ee728b)
Start importing Assets/PathCreator/Examples/Prefabs/Path.prefab using Guid(2791553a612d84e7c9f3c0a95308376f) Importer(815301076,1909f56bfc062723c751e8b465ee728b)  -> (artifact id: '190423e909311470f9eee950fe0dad40') in 0.008177 seconds 
========================================================================
Received Import Request.
  Time since last request: 0.000315 seconds.
  path: Assets/Customizable Skybox/Model/Materials/earth.mat
  artifactKey: Guid(9d1ca55e2263fd54589900465f90d06e) Importer(815301076,1909f56bfc062723c751e8b465ee728b)
Start importing Assets/Customizable Skybox/Model/Materials/earth.mat using Guid(9d1ca55e2263fd54589900465f90d06e) Importer(815301076,1909f56bfc062723c751e8b465ee728b)  -> (artifact id: '1bdb6e288d4ee56aedc0277d6a715810') in 0.015476 seconds 
========================================================================
Received Import Request.
  Time since last request: 0.000257 seconds.
  path: Assets/PathCreator/Core/Editor/PathCreatorEditor.asmdef
  artifactKey: Guid(92ee438f32d811247a22ca14bf2a3fe0) Importer(815301076,1909f56bfc062723c751e8b465ee728b)
Start importing Assets/PathCreator/Core/Editor/PathCreatorEditor.asmdef using Guid(92ee438f32d811247a22ca14bf2a3fe0) Importer(815301076,1909f56bfc062723c751e8b465ee728b)  -> (artifact id: '99ad5216642b9e8a5e0d42d758ced05a') in 0.005895 seconds 
========================================================================
Received Import Request.
  Time since last request: 0.000219 seconds.
  path: Assets/UI/BossHealthBarForeground.png
  artifactKey: Guid(abd2dbf344b2b7449a9b9440ce0d39f3) Importer(815301076,1909f56bfc062723c751e8b465ee728b)
Start importing Assets/UI/BossHealthBarForeground.png using Guid(abd2dbf344b2b7449a9b9440ce0d39f3) Importer(815301076,1909f56bfc062723c751e8b465ee728b)  -> (artifact id: 'f9e21f8c2a35b14d46782e0676f824bf') in 0.016834 seconds 
========================================================================
Received Import Request.
  Time since last request: 12.883897 seconds.
  path: Assets/PathCreator/Examples/Materials/Black.mat
  artifactKey: Guid(69561553b86bde34da494d1ffed3ba45) Importer(815301076,1909f56bfc062723c751e8b465ee728b)
Start importing Assets/PathCreator/Examples/Materials/Black.mat using Guid(69561553b86bde34da494d1ffed3ba45) Importer(815301076,1909f56bfc062723c751e8b465ee728b)  -> (artifact id: 'b19c20d5140b9ab15aee9254583dc4df') in 0.377211 seconds 
========================================================================
Received Import Request.
  Time since last request: 0.000137 seconds.
  path: Assets/FastIK/Materials/Blue.mat
  artifactKey: Guid(fa90469962b931942a75625f15e8b8d7) Importer(815301076,1909f56bfc062723c751e8b465ee728b)
Start importing Assets/FastIK/Materials/Blue.mat using Guid(fa90469962b931942a75625f15e8b8d7) Importer(815301076,1909f56bfc062723c751e8b465ee728b)  -> (artifact id: '910d458dbed7241742742b41e3d68d83') in 0.017644 seconds 
========================================================================
Received Import Request.
  Time since last request: 0.000287 seconds.
  path: Assets/PathCreator/Examples/Materials/Blue.mat
  artifactKey: Guid(5c270a73328a99e439fec44a0cf3a17d) Importer(815301076,1909f56bfc062723c751e8b465ee728b)
Start importing Assets/PathCreator/Examples/Materials/Blue.mat using Guid(5c270a73328a99e439fec44a0cf3a17d) Importer(815301076,1909f56bfc062723c751e8b465ee728b)  -> (artifact id: '1a2c34b391239cc222666836f1238bc4') in 0.015596 seconds 
========================================================================
Received Import Request.
  Time since last request: 0.000241 seconds.
  path: Assets/Customizable Skybox/Model/Materials/dark trunk.mat
  artifactKey: Guid(b50f1c4e199dc3b47b56b0880d757857) Importer(815301076,1909f56bfc062723c751e8b465ee728b)
Start importing Assets/Customizable Skybox/Model/Materials/dark trunk.mat using Guid(b50f1c4e199dc3b47b56b0880d757857) Importer(815301076,1909f56bfc062723c751e8b465ee728b)  -> (artifact id: '5743c8ee7d55a69cd653fc7f2cae68a5') in 0.018715 seconds 
========================================================================
Received Import Request.
  Time since last request: 0.000231 seconds.
  path: Assets/Customizable Skybox/Materials/Clouds.mat
  artifactKey: Guid(b2fcea6c7d9dbab4ca781825705d50be) Importer(815301076,1909f56bfc062723c751e8b465ee728b)
Start importing Assets/Customizable Skybox/Materials/Clouds.mat using Guid(b2fcea6c7d9dbab4ca781825705d50be) Importer(815301076,1909f56bfc062723c751e8b465ee728b)  -> (artifact id: 'a3dc199702baee1e1d59cfabdbccd10e') in 0.015428 seconds 
========================================================================
Received Import Request.
  Time since last request: 0.000247 seconds.
  path: Assets/PathCreator/Examples/Materials/Brown.mat
  artifactKey: Guid(d5b3a558a1e7f4a4182b166bb2f27cf7) Importer(815301076,1909f56bfc062723c751e8b465ee728b)
Start importing Assets/PathCreator/Examples/Materials/Brown.mat using Guid(d5b3a558a1e7f4a4182b166bb2f27cf7) Importer(815301076,1909f56bfc062723c751e8b465ee728b)  -> (artifact id: 'f732aeb3632c2078486aadf416fee58a') in 0.016879 seconds 
========================================================================
Received Import Request.
  Time since last request: 0.000262 seconds.
  path: Assets/Customizable Skybox/Materials/dark trunk.mat
  artifactKey: Guid(7c7f7e923f30d8b4193dfc9a7eb33ea9) Importer(815301076,1909f56bfc062723c751e8b465ee728b)
Start importing Assets/Customizable Skybox/Materials/dark trunk.mat using Guid(7c7f7e923f30d8b4193dfc9a7eb33ea9) Importer(815301076,1909f56bfc062723c751e8b465ee728b)  -> (artifact id: '12270ce053775b3e8fa8858c9b56d9d0') in 0.017938 seconds 
========================================================================
Received Import Request.
  Time since last request: 0.000163 seconds.
  path: Assets/PathCreator/Examples/Materials/Dark Grey.mat
  artifactKey: Guid(407e3de4fbbcf4a99b17bf5aac2d28d8) Importer(815301076,1909f56bfc062723c751e8b465ee728b)
Start importing Assets/PathCreator/Examples/Materials/Dark Grey.mat using Guid(407e3de4fbbcf4a99b17bf5aac2d28d8) Importer(815301076,1909f56bfc062723c751e8b465ee728b)  -> (artifact id: '187eb47d16443f8ff3b274f2f155a900') in 0.013791 seconds 
========================================================================
Received Import Request.
  Time since last request: 0.987773 seconds.
  path: Assets/Prefabs/Weapons/The Balance.prefab
  artifactKey: Guid(e67d19499323f2f49861fe02e11bbac2) Importer(815301076,1909f56bfc062723c751e8b465ee728b)
Start importing Assets/Prefabs/Weapons/The Balance.prefab using Guid(e67d19499323f2f49861fe02e11bbac2) Importer(815301076,1909f56bfc062723c751e8b465ee728b)  -> (artifact id: '05bc5f07680bf73403b9324451be141d') in 0.009974 seconds 
========================================================================
Received Prepare
Registering precompiled user dll's ...
Registered in 0.002396 seconds.
Begin MonoManager ReloadAssembly
Native extension for WindowsStandalone target not found
Native extension for WebGL target not found
Refreshing native plugins compatible for Editor in 0.61 ms, found 2 plugins.
Preloading 0 native plugins for Editor in 0.00 ms.
Warning: Annotation not found!
UnityEngine.StackTraceUtility:ExtractStackTrace ()
UnityEditor.ProBuilder.EditorUtility:SetGizmoIconEnabled (System.Type,bool) (at Library/PackageCache/com.unity.probuilder@5.0.3/Editor/EditorCore/EditorUtility.cs:575)
UnityEditor.ProBuilder.HierarchyListener:.cctor () (at Library/PackageCache/com.unity.probuilder@5.0.3/Editor/EditorCore/HierarchyListener.cs:21)
System.Runtime.CompilerServices.RuntimeHelpers:RunClassConstructor (System.RuntimeTypeHandle)
UnityEditor.EditorAssemblies:ProcessInitializeOnLoadAttributes (System.Type[])

[Library/PackageCache/com.unity.probuilder@5.0.3/Editor/EditorCore/EditorUtility.cs line 575]

Mono: successfully reloaded assembly
- Completed reload, in  0.972 seconds
Domain Reload Profiling:
	ReloadAssembly (972ms)
		BeginReloadAssembly (122ms)
			ExecutionOrderSort (0ms)
			DisableScriptedObjects (4ms)
			BackupInstance (0ms)
			ReleaseScriptingObjects (0ms)
			CreateAndSetChildDomain (36ms)
		EndReloadAssembly (804ms)
			LoadAssemblies (73ms)
			RebuildTransferFunctionScriptingTraits (0ms)
			SetupTypeCache (216ms)
			ReleaseScriptCaches (2ms)
			RebuildScriptCaches (40ms)
			SetupLoadedEditorAssemblies (376ms)
				LogAssemblyErrors (0ms)
				InitializePlatformSupportModulesInManaged (5ms)
				SetLoadedEditorAssemblies (0ms)
				RefreshPlugins (1ms)
				BeforeProcessingInitializeOnLoad (54ms)
				ProcessInitializeOnLoadAttributes (311ms)
				ProcessInitializeOnLoadMethodAttributes (3ms)
				AfterProcessingInitializeOnLoad (3ms)
				EditorAssembliesLoaded (0ms)
			ExecutionOrderSort2 (0ms)
			AwakeInstancesAfterBackupRestoration (14ms)
Platform modules already initialized, skipping
Refreshing native plugins compatible for Editor in 0.55 ms, found 2 plugins.
Preloading 0 native plugins for Editor in 0.00 ms.
Unloading 3679 Unused Serialized files (Serialized files now loaded: 0)
System memory in use before: 166.7 MB.
System memory in use after: 166.9 MB.

Unloading 20 unused Assets to reduce memory usage. Loaded Objects now: 4424.
Total: 3.246200 ms (FindLiveObjects: 0.207400 ms CreateObjectMapping: 0.095000 ms MarkObjects: 2.840000 ms  DeleteObjects: 0.103200 ms)

AssetImportParameters requested are different than current active one (requested -> active):
  custom:framework-win-MediaFoundation: 216162199b28c13a410421893ffa2e32 -> 
  custom:video-decoder-ogg-theora: a1e56fd34408186e4bbccfd4996cb3dc -> 
  custom:container-muxer-webm: aa71ff27fc2769a1b78a27578f13a17b -> 
  custom:container-demuxer-webm: 4f35f7cbe854078d1ac9338744f61a02 -> 
  custom:container-demuxer-ogg: 62fdf1f143b41e24485cea50d1cbac27 -> 
  custom:video-encoder-webm-vp8: eb34c28f22e8b96e1ab97ce403110664 -> 
  custom:video-decoder-webm-vp8: 9c59270c3fd7afecdb556c50c9e8de78 -> 
  custom:audio-decoder-ogg-vorbis: bf7c407c2cedff20999df2af8eb42d56 -> 
  custom:audio-encoder-webm-vorbis: bf7c407c2cedff20999df2af8eb42d56 -> 
========================================================================
Received Import Request.
  Time since last request: 88.144278 seconds.
  path: Assets/Scripts/Managers/Dungeon
  artifactKey: Guid(650bb760e2dfbc44482ce320ea2cfb20) Importer(815301076,1909f56bfc062723c751e8b465ee728b)
Start importing Assets/Scripts/Managers/Dungeon using Guid(650bb760e2dfbc44482ce320ea2cfb20) Importer(815301076,1909f56bfc062723c751e8b465ee728b)  -> (artifact id: 'd688a2bcbf2d20f9b54e5b8459ba1510') in 0.009875 seconds 
========================================================================
Received Prepare
Registering precompiled user dll's ...
Registered in 0.002378 seconds.
Begin MonoManager ReloadAssembly
Native extension for WindowsStandalone target not found
Native extension for WebGL target not found
Refreshing native plugins compatible for Editor in 0.65 ms, found 2 plugins.
Preloading 0 native plugins for Editor in 0.00 ms.
Warning: Annotation not found!
UnityEngine.StackTraceUtility:ExtractStackTrace ()
UnityEditor.ProBuilder.EditorUtility:SetGizmoIconEnabled (System.Type,bool) (at Library/PackageCache/com.unity.probuilder@5.0.3/Editor/EditorCore/EditorUtility.cs:575)
UnityEditor.ProBuilder.HierarchyListener:.cctor () (at Library/PackageCache/com.unity.probuilder@5.0.3/Editor/EditorCore/HierarchyListener.cs:21)
System.Runtime.CompilerServices.RuntimeHelpers:RunClassConstructor (System.RuntimeTypeHandle)
UnityEditor.EditorAssemblies:ProcessInitializeOnLoadAttributes (System.Type[])

[Library/PackageCache/com.unity.probuilder@5.0.3/Editor/EditorCore/EditorUtility.cs line 575]

Mono: successfully reloaded assembly
- Completed reload, in  1.037 seconds
Domain Reload Profiling:
	ReloadAssembly (1038ms)
		BeginReloadAssembly (117ms)
			ExecutionOrderSort (0ms)
			DisableScriptedObjects (5ms)
			BackupInstance (0ms)
			ReleaseScriptingObjects (0ms)
			CreateAndSetChildDomain (32ms)
		EndReloadAssembly (872ms)
			LoadAssemblies (75ms)
			RebuildTransferFunctionScriptingTraits (0ms)
			SetupTypeCache (239ms)
			ReleaseScriptCaches (1ms)
			RebuildScriptCaches (41ms)
			SetupLoadedEditorAssemblies (412ms)
				LogAssemblyErrors (0ms)
				InitializePlatformSupportModulesInManaged (4ms)
				SetLoadedEditorAssemblies (0ms)
				RefreshPlugins (1ms)
				BeforeProcessingInitializeOnLoad (61ms)
				ProcessInitializeOnLoadAttributes (339ms)
				ProcessInitializeOnLoadMethodAttributes (3ms)
				AfterProcessingInitializeOnLoad (4ms)
				EditorAssembliesLoaded (0ms)
			ExecutionOrderSort2 (0ms)
			AwakeInstancesAfterBackupRestoration (16ms)
Platform modules already initialized, skipping
Refreshing native plugins compatible for Editor in 0.54 ms, found 2 plugins.
Preloading 0 native plugins for Editor in 0.00 ms.
Unloading 3676 Unused Serialized files (Serialized files now loaded: 0)
System memory in use before: 166.4 MB.
System memory in use after: 166.7 MB.

Unloading 19 unused Assets to reduce memory usage. Loaded Objects now: 4428.
Total: 3.210000 ms (FindLiveObjects: 0.208000 ms CreateObjectMapping: 0.094700 ms MarkObjects: 2.808300 ms  DeleteObjects: 0.097700 ms)

AssetImportParameters requested are different than current active one (requested -> active):
  custom:framework-win-MediaFoundation: 216162199b28c13a410421893ffa2e32 -> 
  custom:video-decoder-ogg-theora: a1e56fd34408186e4bbccfd4996cb3dc -> 
  custom:container-muxer-webm: aa71ff27fc2769a1b78a27578f13a17b -> 
  custom:container-demuxer-webm: 4f35f7cbe854078d1ac9338744f61a02 -> 
  custom:container-demuxer-ogg: 62fdf1f143b41e24485cea50d1cbac27 -> 
  custom:video-encoder-webm-vp8: eb34c28f22e8b96e1ab97ce403110664 -> 
  custom:video-decoder-webm-vp8: 9c59270c3fd7afecdb556c50c9e8de78 -> 
  custom:audio-decoder-ogg-vorbis: bf7c407c2cedff20999df2af8eb42d56 -> 
  custom:audio-encoder-webm-vorbis: bf7c407c2cedff20999df2af8eb42d56 -> 
========================================================================
Received Import Request.
  Time since last request: 23.332520 seconds.
  path: Assets/Scripts/Managers/Dungeon/GenerationCounterManager.cs
  artifactKey: Guid(4d66fc5ba86fd714990d6e1d253f1489) Importer(815301076,1909f56bfc062723c751e8b465ee728b)
Start importing Assets/Scripts/Managers/Dungeon/GenerationCounterManager.cs using Guid(4d66fc5ba86fd714990d6e1d253f1489) Importer(815301076,1909f56bfc062723c751e8b465ee728b)  -> (artifact id: '26641f464b2db50df38ab5b6716746ba') in 0.011871 seconds 
========================================================================
Received Prepare
Registering precompiled user dll's ...
Registered in 0.002593 seconds.
Begin MonoManager ReloadAssembly
Native extension for WindowsStandalone target not found
Native extension for WebGL target not found
Refreshing native plugins compatible for Editor in 0.64 ms, found 2 plugins.
Preloading 0 native plugins for Editor in 0.00 ms.
Warning: Annotation not found!
UnityEngine.StackTraceUtility:ExtractStackTrace ()
UnityEditor.ProBuilder.EditorUtility:SetGizmoIconEnabled (System.Type,bool) (at Library/PackageCache/com.unity.probuilder@5.0.3/Editor/EditorCore/EditorUtility.cs:575)
UnityEditor.ProBuilder.HierarchyListener:.cctor () (at Library/PackageCache/com.unity.probuilder@5.0.3/Editor/EditorCore/HierarchyListener.cs:21)
System.Runtime.CompilerServices.RuntimeHelpers:RunClassConstructor (System.RuntimeTypeHandle)
UnityEditor.EditorAssemblies:ProcessInitializeOnLoadAttributes (System.Type[])

[Library/PackageCache/com.unity.probuilder@5.0.3/Editor/EditorCore/EditorUtility.cs line 575]

Mono: successfully reloaded assembly
- Completed reload, in  1.046 seconds
Domain Reload Profiling:
	ReloadAssembly (1047ms)
		BeginReloadAssembly (116ms)
			ExecutionOrderSort (0ms)
			DisableScriptedObjects (5ms)
			BackupInstance (0ms)
			ReleaseScriptingObjects (0ms)
			CreateAndSetChildDomain (42ms)
		EndReloadAssembly (885ms)
			LoadAssemblies (78ms)
			RebuildTransferFunctionScriptingTraits (0ms)
			SetupTypeCache (256ms)
			ReleaseScriptCaches (1ms)
			RebuildScriptCaches (41ms)
			SetupLoadedEditorAssemblies (404ms)
				LogAssemblyErrors (0ms)
				InitializePlatformSupportModulesInManaged (4ms)
				SetLoadedEditorAssemblies (1ms)
				RefreshPlugins (1ms)
				BeforeProcessingInitializeOnLoad (54ms)
				ProcessInitializeOnLoadAttributes (338ms)
				ProcessInitializeOnLoadMethodAttributes (3ms)
				AfterProcessingInitializeOnLoad (3ms)
				EditorAssembliesLoaded (0ms)
			ExecutionOrderSort2 (0ms)
			AwakeInstancesAfterBackupRestoration (16ms)
Platform modules already initialized, skipping
Refreshing native plugins compatible for Editor in 0.53 ms, found 2 plugins.
Preloading 0 native plugins for Editor in 0.00 ms.
Unloading 3677 Unused Serialized files (Serialized files now loaded: 0)
System memory in use before: 166.5 MB.
System memory in use after: 166.7 MB.

Unloading 19 unused Assets to reduce memory usage. Loaded Objects now: 4433.
Total: 3.910400 ms (FindLiveObjects: 0.206600 ms CreateObjectMapping: 0.095800 ms MarkObjects: 3.507900 ms  DeleteObjects: 0.099500 ms)

AssetImportParameters requested are different than current active one (requested -> active):
  custom:framework-win-MediaFoundation: 216162199b28c13a410421893ffa2e32 -> 
  custom:video-decoder-ogg-theora: a1e56fd34408186e4bbccfd4996cb3dc -> 
  custom:container-muxer-webm: aa71ff27fc2769a1b78a27578f13a17b -> 
  custom:container-demuxer-webm: 4f35f7cbe854078d1ac9338744f61a02 -> 
  custom:container-demuxer-ogg: 62fdf1f143b41e24485cea50d1cbac27 -> 
  custom:video-encoder-webm-vp8: eb34c28f22e8b96e1ab97ce403110664 -> 
  custom:video-decoder-webm-vp8: 9c59270c3fd7afecdb556c50c9e8de78 -> 
  custom:audio-decoder-ogg-vorbis: bf7c407c2cedff20999df2af8eb42d56 -> 
  custom:audio-encoder-webm-vorbis: bf7c407c2cedff20999df2af8eb42d56 -> 
========================================================================
Received Import Request.
  Time since last request: 155.721032 seconds.
  path: Assets/Material/M_Plantinum.mat
  artifactKey: Guid(1638a3491f3c10c459be9543a4f7882f) Importer(815301076,1909f56bfc062723c751e8b465ee728b)
Start importing Assets/Material/M_Plantinum.mat using Guid(1638a3491f3c10c459be9543a4f7882f) Importer(815301076,1909f56bfc062723c751e8b465ee728b)  -> (artifact id: 'a26e33ac2124cb1d11a69d3307580526') in 0.479353 seconds 
========================================================================
Received Import Request.
  Time since last request: 26.394313 seconds.
  path: Assets/Customizable Skybox/Model/Low Poly Island.fbx
  artifactKey: Guid(9e1cb89bae143d046bb9dba32b57bed0) Importer(815301076,1909f56bfc062723c751e8b465ee728b)
Start importing Assets/Customizable Skybox/Model/Low Poly Island.fbx using Guid(9e1cb89bae143d046bb9dba32b57bed0) Importer(815301076,1909f56bfc062723c751e8b465ee728b)  -> (artifact id: 'e9064e12cf32a3bf224a890d8c7dee3c') in 0.153535 seconds 
========================================================================
Received Import Request.
  Time since last request: 4.535519 seconds.
  path: Assets/Fonts/PR Viking Alternates.ttf
  artifactKey: Guid(619d9436dba1c964f97e685793bb7b5c) Importer(815301076,1909f56bfc062723c751e8b465ee728b)
Start importing Assets/Fonts/PR Viking Alternates.ttf using Guid(619d9436dba1c964f97e685793bb7b5c) Importer(815301076,1909f56bfc062723c751e8b465ee728b)  -> (artifact id: '0a154b6e4b6ce0554ead4ad4f7eaea49') in 0.407004 seconds 
========================================================================
Received Import Request.
  Time since last request: 0.000180 seconds.
  path: Assets/TextMesh Pro/Resources/Fonts & Materials/LiberationSans SDF - Outline.mat
  artifactKey: Guid(79459efec17a4d00a321bdcc27bbc385) Importer(815301076,1909f56bfc062723c751e8b465ee728b)
Start importing Assets/TextMesh Pro/Resources/Fonts & Materials/LiberationSans SDF - Outline.mat using Guid(79459efec17a4d00a321bdcc27bbc385) Importer(815301076,1909f56bfc062723c751e8b465ee728b)  -> (artifact id: '69a7e4d2f1d96de58a54f29a5bbd252b') in 0.031192 seconds 
========================================================================
Received Import Request.
  Time since last request: 0.000214 seconds.
  path: Assets/PathCreator/Examples/Materials/Green.mat
  artifactKey: Guid(9ca80467a033e954a8b9ad8601d6f4c7) Importer(815301076,1909f56bfc062723c751e8b465ee728b)
Start importing Assets/PathCreator/Examples/Materials/Green.mat using Guid(9ca80467a033e954a8b9ad8601d6f4c7) Importer(815301076,1909f56bfc062723c751e8b465ee728b)  -> (artifact id: 'cefd6b3389a26a3cf6505a1631c0b8b1') in 0.014373 seconds 
========================================================================
Received Import Request.
  Time since last request: 0.000160 seconds.
  path: Assets/Customizable Skybox/Model/Materials/green tree.mat
  artifactKey: Guid(c856162727dc18842bc191504f727456) Importer(815301076,1909f56bfc062723c751e8b465ee728b)
Start importing Assets/Customizable Skybox/Model/Materials/green tree.mat using Guid(c856162727dc18842bc191504f727456) Importer(815301076,1909f56bfc062723c751e8b465ee728b)  -> (artifact id: '92967d978b41ad6b581b338de8347868') in 0.011525 seconds 
========================================================================
Received Import Request.
  Time since last request: 0.000203 seconds.
  path: Assets/TextMesh Pro/Resources/Fonts & Materials/LiberationSans SDF - Drop Shadow.mat
  artifactKey: Guid(e73a58f6e2794ae7b1b7e50b7fb811b0) Importer(815301076,1909f56bfc062723c751e8b465ee728b)
Start importing Assets/TextMesh Pro/Resources/Fonts & Materials/LiberationSans SDF - Drop Shadow.mat using Guid(e73a58f6e2794ae7b1b7e50b7fb811b0) Importer(815301076,1909f56bfc062723c751e8b465ee728b)  -> (artifact id: '4d55797aef83fdcbf458fe0e74cda20f') in 0.027338 seconds 
========================================================================
Received Import Request.
  Time since last request: 0.000187 seconds.
  path: Assets/Customizable Skybox/Materials/green tree.mat
  artifactKey: Guid(162ad232b242eb042b91b10dc755c486) Importer(815301076,1909f56bfc062723c751e8b465ee728b)
Start importing Assets/Customizable Skybox/Materials/green tree.mat using Guid(162ad232b242eb042b91b10dc755c486) Importer(815301076,1909f56bfc062723c751e8b465ee728b)  -> (artifact id: '94ced7df196acad605c36c4f01da0cfe') in 0.014188 seconds 
========================================================================
Received Import Request.
  Time since last request: 0.000179 seconds.
  path: Assets/Material/Static/GoldEmmision(Static).mat
  artifactKey: Guid(d76ae8e7edb4c6f4ca50e188c731c595) Importer(815301076,1909f56bfc062723c751e8b465ee728b)
Start importing Assets/Material/Static/GoldEmmision(Static).mat using Guid(d76ae8e7edb4c6f4ca50e188c731c595) Importer(815301076,1909f56bfc062723c751e8b465ee728b)  -> (artifact id: '0f7b3e80897dd95525f70c6fb11cb648') in 0.011746 seconds 
========================================================================
Received Import Request.
  Time since last request: 0.000159 seconds.
  path: Assets/FastIK/Materials/Green.mat
  artifactKey: Guid(17e84c9ab634c724682be1805a100459) Importer(815301076,1909f56bfc062723c751e8b465ee728b)
Start importing Assets/FastIK/Materials/Green.mat using Guid(17e84c9ab634c724682be1805a100459) Importer(815301076,1909f56bfc062723c751e8b465ee728b)  -> (artifact id: '82ca233a8a6ad51862006cccc2a09264') in 0.014734 seconds 
========================================================================
Received Import Request.
  Time since last request: 0.000227 seconds.
  path: Assets/Material/Dynamic/GoldEmmision(dynamic).mat
  artifactKey: Guid(289afe0cffa48164c990f450d424eec1) Importer(815301076,1909f56bfc062723c751e8b465ee728b)
Start importing Assets/Material/Dynamic/GoldEmmision(dynamic).mat using Guid(289afe0cffa48164c990f450d424eec1) Importer(815301076,1909f56bfc062723c751e8b465ee728b)  -> (artifact id: '1bad607337712293845ca027d520d5c3') in 0.013714 seconds 
========================================================================
Received Import Request.
  Time since last request: 1.898029 seconds.
  path: Assets/Material/M_Gold.mat
  artifactKey: Guid(d950f0f5edc1e904690a6862ea759f6b) Importer(815301076,1909f56bfc062723c751e8b465ee728b)
Start importing Assets/Material/M_Gold.mat using Guid(d950f0f5edc1e904690a6862ea759f6b) Importer(815301076,1909f56bfc062723c751e8b465ee728b)  -> (artifact id: 'bce7123d32c5b62e7db33cb3119b6834') in 0.012285 seconds 
========================================================================
Received Import Request.
  Time since last request: 0.000207 seconds.
  path: Assets/Material/Dynamic/M_MildGoldEmmision.mat
  artifactKey: Guid(ce440e20ccd5f924c86af1c9bb2cb6d6) Importer(815301076,1909f56bfc062723c751e8b465ee728b)
Start importing Assets/Material/Dynamic/M_MildGoldEmmision.mat using Guid(ce440e20ccd5f924c86af1c9bb2cb6d6) Importer(815301076,1909f56bfc062723c751e8b465ee728b)  -> (artifact id: '917ebc6a165a8c792dd59db9b3555e99') in 0.013603 seconds 
========================================================================
Received Prepare
Registering precompiled user dll's ...
Registered in 0.004229 seconds.
Begin MonoManager ReloadAssembly
Native extension for WindowsStandalone target not found
Native extension for WebGL target not found
Refreshing native plugins compatible for Editor in 0.52 ms, found 2 plugins.
Preloading 0 native plugins for Editor in 0.00 ms.
Warning: Annotation not found!
UnityEngine.StackTraceUtility:ExtractStackTrace ()
UnityEditor.ProBuilder.EditorUtility:SetGizmoIconEnabled (System.Type,bool) (at Library/PackageCache/com.unity.probuilder@5.0.3/Editor/EditorCore/EditorUtility.cs:575)
UnityEditor.ProBuilder.HierarchyListener:.cctor () (at Library/PackageCache/com.unity.probuilder@5.0.3/Editor/EditorCore/HierarchyListener.cs:21)
System.Runtime.CompilerServices.RuntimeHelpers:RunClassConstructor (System.RuntimeTypeHandle)
UnityEditor.EditorAssemblies:ProcessInitializeOnLoadAttributes (System.Type[])

[Library/PackageCache/com.unity.probuilder@5.0.3/Editor/EditorCore/EditorUtility.cs line 575]

Mono: successfully reloaded assembly
- Completed reload, in  1.028 seconds
Domain Reload Profiling:
	ReloadAssembly (1028ms)
		BeginReloadAssembly (132ms)
			ExecutionOrderSort (0ms)
			DisableScriptedObjects (6ms)
			BackupInstance (0ms)
			ReleaseScriptingObjects (0ms)
			CreateAndSetChildDomain (35ms)
		EndReloadAssembly (846ms)
			LoadAssemblies (84ms)
			RebuildTransferFunctionScriptingTraits (0ms)
			SetupTypeCache (233ms)
			ReleaseScriptCaches (1ms)
			RebuildScriptCaches (42ms)
			SetupLoadedEditorAssemblies (393ms)
				LogAssemblyErrors (0ms)
				InitializePlatformSupportModulesInManaged (4ms)
				SetLoadedEditorAssemblies (0ms)
				RefreshPlugins (1ms)
				BeforeProcessingInitializeOnLoad (58ms)
				ProcessInitializeOnLoadAttributes (323ms)
				ProcessInitializeOnLoadMethodAttributes (3ms)
				AfterProcessingInitializeOnLoad (3ms)
				EditorAssembliesLoaded (0ms)
			ExecutionOrderSort2 (0ms)
			AwakeInstancesAfterBackupRestoration (14ms)
Platform modules already initialized, skipping
Refreshing native plugins compatible for Editor in 0.54 ms, found 2 plugins.
Preloading 0 native plugins for Editor in 0.00 ms.
Unloading 3678 Unused Serialized files (Serialized files now loaded: 0)
System memory in use before: 167.3 MB.
System memory in use after: 167.6 MB.

Unloading 19 unused Assets to reduce memory usage. Loaded Objects now: 4495.
Total: 3.571400 ms (FindLiveObjects: 0.302300 ms CreateObjectMapping: 0.127400 ms MarkObjects: 3.053000 ms  DeleteObjects: 0.087800 ms)

AssetImportParameters requested are different than current active one (requested -> active):
  custom:framework-win-MediaFoundation: 216162199b28c13a410421893ffa2e32 -> 
  custom:video-decoder-ogg-theora: a1e56fd34408186e4bbccfd4996cb3dc -> 
  custom:container-muxer-webm: aa71ff27fc2769a1b78a27578f13a17b -> 
  custom:container-demuxer-webm: 4f35f7cbe854078d1ac9338744f61a02 -> 
  custom:container-demuxer-ogg: 62fdf1f143b41e24485cea50d1cbac27 -> 
  custom:video-encoder-webm-vp8: eb34c28f22e8b96e1ab97ce403110664 -> 
  custom:video-decoder-webm-vp8: 9c59270c3fd7afecdb556c50c9e8de78 -> 
  custom:audio-decoder-ogg-vorbis: bf7c407c2cedff20999df2af8eb42d56 -> 
  custom:audio-encoder-webm-vorbis: bf7c407c2cedff20999df2af8eb42d56 -> 
========================================================================
Received Prepare
Registering precompiled user dll's ...
Registered in 0.002694 seconds.
Begin MonoManager ReloadAssembly
Native extension for WindowsStandalone target not found
Native extension for WebGL target not found
Refreshing native plugins compatible for Editor in 0.60 ms, found 2 plugins.
Preloading 0 native plugins for Editor in 0.00 ms.
Warning: Annotation not found!
UnityEngine.StackTraceUtility:ExtractStackTrace ()
UnityEditor.ProBuilder.EditorUtility:SetGizmoIconEnabled (System.Type,bool) (at Library/PackageCache/com.unity.probuilder@5.0.3/Editor/EditorCore/EditorUtility.cs:575)
UnityEditor.ProBuilder.HierarchyListener:.cctor () (at Library/PackageCache/com.unity.probuilder@5.0.3/Editor/EditorCore/HierarchyListener.cs:21)
System.Runtime.CompilerServices.RuntimeHelpers:RunClassConstructor (System.RuntimeTypeHandle)
UnityEditor.EditorAssemblies:ProcessInitializeOnLoadAttributes (System.Type[])

[Library/PackageCache/com.unity.probuilder@5.0.3/Editor/EditorCore/EditorUtility.cs line 575]

Mono: successfully reloaded assembly
- Completed reload, in  0.971 seconds
Domain Reload Profiling:
	ReloadAssembly (971ms)
		BeginReloadAssembly (111ms)
			ExecutionOrderSort (0ms)
			DisableScriptedObjects (5ms)
			BackupInstance (0ms)
			ReleaseScriptingObjects (0ms)
			CreateAndSetChildDomain (38ms)
		EndReloadAssembly (814ms)
			LoadAssemblies (71ms)
			RebuildTransferFunctionScriptingTraits (0ms)
			SetupTypeCache (222ms)
			ReleaseScriptCaches (1ms)
			RebuildScriptCaches (38ms)
			SetupLoadedEditorAssemblies (382ms)
				LogAssemblyErrors (0ms)
				InitializePlatformSupportModulesInManaged (4ms)
				SetLoadedEditorAssemblies (0ms)
				RefreshPlugins (1ms)
				BeforeProcessingInitializeOnLoad (54ms)
				ProcessInitializeOnLoadAttributes (315ms)
				ProcessInitializeOnLoadMethodAttributes (3ms)
				AfterProcessingInitializeOnLoad (4ms)
				EditorAssembliesLoaded (0ms)
			ExecutionOrderSort2 (0ms)
			AwakeInstancesAfterBackupRestoration (16ms)
Platform modules already initialized, skipping
Refreshing native plugins compatible for Editor in 0.54 ms, found 2 plugins.
Preloading 0 native plugins for Editor in 0.00 ms.
Unloading 3677 Unused Serialized files (Serialized files now loaded: 0)
System memory in use before: 167.3 MB.
System memory in use after: 167.5 MB.

Unloading 19 unused Assets to reduce memory usage. Loaded Objects now: 4499.
Total: 3.095700 ms (FindLiveObjects: 0.215500 ms CreateObjectMapping: 0.096000 ms MarkObjects: 2.671200 ms  DeleteObjects: 0.112300 ms)

AssetImportParameters requested are different than current active one (requested -> active):
  custom:framework-win-MediaFoundation: 216162199b28c13a410421893ffa2e32 -> 
  custom:video-decoder-ogg-theora: a1e56fd34408186e4bbccfd4996cb3dc -> 
  custom:container-muxer-webm: aa71ff27fc2769a1b78a27578f13a17b -> 
  custom:container-demuxer-webm: 4f35f7cbe854078d1ac9338744f61a02 -> 
  custom:container-demuxer-ogg: 62fdf1f143b41e24485cea50d1cbac27 -> 
  custom:video-encoder-webm-vp8: eb34c28f22e8b96e1ab97ce403110664 -> 
  custom:video-decoder-webm-vp8: 9c59270c3fd7afecdb556c50c9e8de78 -> 
  custom:audio-decoder-ogg-vorbis: bf7c407c2cedff20999df2af8eb42d56 -> 
  custom:audio-encoder-webm-vorbis: bf7c407c2cedff20999df2af8eb42d56 -> 
========================================================================
Received Import Request.
  Time since last request: 870.142022 seconds.
  path: Assets/Material/Dynamic/M_RedEmmsive 1.mat
  artifactKey: Guid(2b0f295a8d698c34698b4e1dd4c15361) Importer(815301076,1909f56bfc062723c751e8b465ee728b)
Start importing Assets/Material/Dynamic/M_RedEmmsive 1.mat using Guid(2b0f295a8d698c34698b4e1dd4c15361) Importer(815301076,1909f56bfc062723c751e8b465ee728b)  -> (artifact id: '22cb2b90f98854f3f691abb301583e3e') in 0.133495 seconds 
========================================================================
Received Import Request.
  Time since last request: 0.000305 seconds.
  path: Assets/Material/Static/M_RedEmmsive(Static).mat
  artifactKey: Guid(acf440de32d446447bba6cb5223d6627) Importer(815301076,1909f56bfc062723c751e8b465ee728b)
Start importing Assets/Material/Static/M_RedEmmsive(Static).mat using Guid(acf440de32d446447bba6cb5223d6627) Importer(815301076,1909f56bfc062723c751e8b465ee728b)  -> (artifact id: '8230092e59fce036d4c3dc9f0bebd8a4') in 0.011569 seconds 
========================================================================
Received Import Request.
  Time since last request: 0.000208 seconds.
  path: Assets/PathCreator/Examples/Materials/Red.mat
  artifactKey: Guid(01763a1c279a5cd4d8f897f6b6cdbae5) Importer(815301076,1909f56bfc062723c751e8b465ee728b)
Start importing Assets/PathCreator/Examples/Materials/Red.mat using Guid(01763a1c279a5cd4d8f897f6b6cdbae5) Importer(815301076,1909f56bfc062723c751e8b465ee728b)  -> (artifact id: 'dea609edec049f8e3891ca016164d7f1') in 0.015002 seconds 
========================================================================
Received Import Request.
  Time since last request: 0.000164 seconds.
  path: Assets/FastIK/Materials/Red.mat
  artifactKey: Guid(d8d2429354579e04fbb07291a41985c3) Importer(815301076,1909f56bfc062723c751e8b465ee728b)
Start importing Assets/FastIK/Materials/Red.mat using Guid(d8d2429354579e04fbb07291a41985c3) Importer(815301076,1909f56bfc062723c751e8b465ee728b)  -> (artifact id: '0017d13ad143dfee5bb9c2848712096b') in 0.014394 seconds 
========================================================================
Received Import Request.
  Time since last request: 17.441577 seconds.
  path: Assets/Material/Dynamic/M_Orange.mat
  artifactKey: Guid(2b0f295a8d698c34698b4e1dd4c15361) Importer(815301076,1909f56bfc062723c751e8b465ee728b)
Start importing Assets/Material/Dynamic/M_Orange.mat using Guid(2b0f295a8d698c34698b4e1dd4c15361) Importer(815301076,1909f56bfc062723c751e8b465ee728b)  -> (artifact id: 'aff35fa862c6df587ef4cb92ee7a7a04') in 0.358376 seconds 
========================================================================
Received Import Request.
  Time since last request: 3.036243 seconds.
  path: Assets/Material/Dynamic
  artifactKey: Guid(965737fbd19bfee45bdf76f597380da1) Importer(815301076,1909f56bfc062723c751e8b465ee728b)
Start importing Assets/Material/Dynamic using Guid(965737fbd19bfee45bdf76f597380da1) Importer(815301076,1909f56bfc062723c751e8b465ee728b)  -> (artifact id: '8cd178cc1eb8283aa3cececcec98f018') in 0.009002 seconds 
========================================================================
Received Import Request.
  Time since last request: 25.325101 seconds.
  path: Assets/Material/Dynamic/M_OrangeEmmisive.mat
  artifactKey: Guid(2b0f295a8d698c34698b4e1dd4c15361) Importer(815301076,1909f56bfc062723c751e8b465ee728b)
Start importing Assets/Material/Dynamic/M_OrangeEmmisive.mat using Guid(2b0f295a8d698c34698b4e1dd4c15361) Importer(815301076,1909f56bfc062723c751e8b465ee728b)  -> (artifact id: 'cfcd2615a34b80b68cd0b63f0dfadced') in 0.358201 seconds 
========================================================================
Received Import Request.
  Time since last request: 9.403787 seconds.
  path: Assets/Material/Dynamic/M_RedEmmisive.mat
  artifactKey: Guid(7b1f80275b548384b8da0c74f3698874) Importer(815301076,1909f56bfc062723c751e8b465ee728b)
Start importing Assets/Material/Dynamic/M_RedEmmisive.mat using Guid(7b1f80275b548384b8da0c74f3698874) Importer(815301076,1909f56bfc062723c751e8b465ee728b)  -> (artifact id: '39de044d1aa7694990ff5c2c30632b28') in 0.354884 seconds 
========================================================================
Received Import Request.
  Time since last request: 19.632379 seconds.
  path: Assets/Material/M_LaserOrign.mat
  artifactKey: Guid(af2f95a675e3c0143b07f529bafb23f8) Importer(815301076,1909f56bfc062723c751e8b465ee728b)
Start importing Assets/Material/M_LaserOrign.mat using Guid(af2f95a675e3c0143b07f529bafb23f8) Importer(815301076,1909f56bfc062723c751e8b465ee728b)  -> (artifact id: '24272f1258c61556051f4266afe3b601') in 0.391932 seconds 
========================================================================
Received Import Request.
  Time since last request: 0.000197 seconds.
  path: Assets/Material/M_White.mat
  artifactKey: Guid(8f52b68dd7ed89f4398df3b09008b74e) Importer(815301076,1909f56bfc062723c751e8b465ee728b)
Start importing Assets/Material/M_White.mat using Guid(8f52b68dd7ed89f4398df3b09008b74e) Importer(815301076,1909f56bfc062723c751e8b465ee728b)  -> (artifact id: '0bc0c080d0e28962248f7b81da40a836') in 0.011553 seconds 
========================================================================
Received Import Request.
  Time since last request: 0.000220 seconds.
  path: Assets/Customizable Skybox/Materials/Material.003.mat
  artifactKey: Guid(a4b1c9205184ab7479ebcb6d01e9bdaa) Importer(815301076,1909f56bfc062723c751e8b465ee728b)
Start importing Assets/Customizable Skybox/Materials/Material.003.mat using Guid(a4b1c9205184ab7479ebcb6d01e9bdaa) Importer(815301076,1909f56bfc062723c751e8b465ee728b)  -> (artifact id: '0509728a2a8176ad118ff0d6ce9b86c5') in 0.015724 seconds 
========================================================================
Received Import Request.
  Time since last request: 99.592252 seconds.
  path: Assets/Material/Dynamic/M_MildGoldEmmision.mat
  artifactKey: Guid(ce440e20ccd5f924c86af1c9bb2cb6d6) Importer(815301076,1909f56bfc062723c751e8b465ee728b)
Start importing Assets/Material/Dynamic/M_MildGoldEmmision.mat using Guid(ce440e20ccd5f924c86af1c9bb2cb6d6) Importer(815301076,1909f56bfc062723c751e8b465ee728b)  -> (artifact id: 'd7b6bb2813646f963e39e94613a603a9') in 0.011262 seconds 
========================================================================
Received Import Request.
  Time since last request: 0.000184 seconds.
  path: Assets/Material/Dynamic/M_RedEmmisive.mat
  artifactKey: Guid(7b1f80275b548384b8da0c74f3698874) Importer(815301076,1909f56bfc062723c751e8b465ee728b)
Start importing Assets/Material/Dynamic/M_RedEmmisive.mat using Guid(7b1f80275b548384b8da0c74f3698874) Importer(815301076,1909f56bfc062723c751e8b465ee728b)  -> (artifact id: '007914b31f967587aeabbb0a3e4fe8eb') in 0.011120 seconds 
========================================================================
Received Import Request.
  Time since last request: 22.070114 seconds.
  path: Assets/Material/Dynamic/M_GreenEmissive.mat
  artifactKey: Guid(9d05820ff2abff04dacc65cbd942d2a6) Importer(815301076,1909f56bfc062723c751e8b465ee728b)
Start importing Assets/Material/Dynamic/M_GreenEmissive.mat using Guid(9d05820ff2abff04dacc65cbd942d2a6) Importer(815301076,1909f56bfc062723c751e8b465ee728b)  -> (artifact id: 'c899f09fc4d0ab76b26d2c5aaa1c5128') in 0.362236 seconds 
========================================================================
Received Import Request.
  Time since last request: 24.404200 seconds.
  path: Assets/Material/Dynamic/M_GreenEmissive.mat
  artifactKey: Guid(9d05820ff2abff04dacc65cbd942d2a6) Importer(815301076,1909f56bfc062723c751e8b465ee728b)
Start importing Assets/Material/Dynamic/M_GreenEmissive.mat using Guid(9d05820ff2abff04dacc65cbd942d2a6) Importer(815301076,1909f56bfc062723c751e8b465ee728b)  -> (artifact id: '6e0a9e2c56ae7c101079919ef2d26158') in 0.012105 seconds 
========================================================================
Received Import Request.
  Time since last request: 76.057520 seconds.
  path: Assets/Scenes/Rooms/CryptHub.unity
  artifactKey: Guid(acc496e0d68c1634c9501f73da0aca98) Importer(815301076,1909f56bfc062723c751e8b465ee728b)
Start importing Assets/Scenes/Rooms/CryptHub.unity using Guid(acc496e0d68c1634c9501f73da0aca98) Importer(815301076,1909f56bfc062723c751e8b465ee728b)  -> (artifact id: '213b54a60bd4cfc3bbef470b94c228ab') in 0.374438 seconds 
========================================================================
Received Prepare
Registering precompiled user dll's ...
Registered in 0.004081 seconds.
Begin MonoManager ReloadAssembly
Native extension for WindowsStandalone target not found
Native extension for WebGL target not found
Refreshing native plugins compatible for Editor in 0.51 ms, found 2 plugins.
Preloading 0 native plugins for Editor in 0.00 ms.
Warning: Annotation not found!
UnityEngine.StackTraceUtility:ExtractStackTrace ()
UnityEditor.ProBuilder.EditorUtility:SetGizmoIconEnabled (System.Type,bool) (at Library/PackageCache/com.unity.probuilder@5.0.3/Editor/EditorCore/EditorUtility.cs:575)
UnityEditor.ProBuilder.HierarchyListener:.cctor () (at Library/PackageCache/com.unity.probuilder@5.0.3/Editor/EditorCore/HierarchyListener.cs:21)
System.Runtime.CompilerServices.RuntimeHelpers:RunClassConstructor (System.RuntimeTypeHandle)
UnityEditor.EditorAssemblies:ProcessInitializeOnLoadAttributes (System.Type[])

[Library/PackageCache/com.unity.probuilder@5.0.3/Editor/EditorCore/EditorUtility.cs line 575]

Mono: successfully reloaded assembly
- Completed reload, in  0.972 seconds
Domain Reload Profiling:
	ReloadAssembly (972ms)
		BeginReloadAssembly (117ms)
			ExecutionOrderSort (0ms)
			DisableScriptedObjects (6ms)
			BackupInstance (0ms)
			ReleaseScriptingObjects (0ms)
			CreateAndSetChildDomain (40ms)
		EndReloadAssembly (811ms)
			LoadAssemblies (76ms)
			RebuildTransferFunctionScriptingTraits (0ms)
			SetupTypeCache (220ms)
			ReleaseScriptCaches (1ms)
			RebuildScriptCaches (40ms)
			SetupLoadedEditorAssemblies (378ms)
				LogAssemblyErrors (0ms)
				InitializePlatformSupportModulesInManaged (4ms)
				SetLoadedEditorAssemblies (0ms)
				RefreshPlugins (1ms)
				BeforeProcessingInitializeOnLoad (53ms)
				ProcessInitializeOnLoadAttributes (313ms)
				ProcessInitializeOnLoadMethodAttributes (3ms)
				AfterProcessingInitializeOnLoad (3ms)
				EditorAssembliesLoaded (0ms)
			ExecutionOrderSort2 (0ms)
			AwakeInstancesAfterBackupRestoration (17ms)
Platform modules already initialized, skipping
Refreshing native plugins compatible for Editor in 0.60 ms, found 2 plugins.
Preloading 0 native plugins for Editor in 0.00 ms.
Unloading 3677 Unused Serialized files (Serialized files now loaded: 0)
System memory in use before: 167.9 MB.
System memory in use after: 168.1 MB.

Unloading 19 unused Assets to reduce memory usage. Loaded Objects now: 4539.
Total: 3.483000 ms (FindLiveObjects: 0.219000 ms CreateObjectMapping: 0.105200 ms MarkObjects: 3.082500 ms  DeleteObjects: 0.075500 ms)

AssetImportParameters requested are different than current active one (requested -> active):
  custom:framework-win-MediaFoundation: 216162199b28c13a410421893ffa2e32 -> 
  custom:video-decoder-ogg-theora: a1e56fd34408186e4bbccfd4996cb3dc -> 
  custom:container-muxer-webm: aa71ff27fc2769a1b78a27578f13a17b -> 
  custom:container-demuxer-webm: 4f35f7cbe854078d1ac9338744f61a02 -> 
  custom:container-demuxer-ogg: 62fdf1f143b41e24485cea50d1cbac27 -> 
  custom:video-encoder-webm-vp8: eb34c28f22e8b96e1ab97ce403110664 -> 
  custom:video-decoder-webm-vp8: 9c59270c3fd7afecdb556c50c9e8de78 -> 
  custom:audio-decoder-ogg-vorbis: bf7c407c2cedff20999df2af8eb42d56 -> 
  custom:audio-encoder-webm-vorbis: bf7c407c2cedff20999df2af8eb42d56 -> 
========================================================================
Received Prepare
Registering precompiled user dll's ...
Registered in 0.003817 seconds.
Begin MonoManager ReloadAssembly
Native extension for WindowsStandalone target not found
Native extension for WebGL target not found
Refreshing native plugins compatible for Editor in 1.00 ms, found 2 plugins.
Preloading 0 native plugins for Editor in 0.00 ms.
Warning: Annotation not found!
UnityEngine.StackTraceUtility:ExtractStackTrace ()
UnityEditor.ProBuilder.EditorUtility:SetGizmoIconEnabled (System.Type,bool) (at Library/PackageCache/com.unity.probuilder@5.0.3/Editor/EditorCore/EditorUtility.cs:575)
UnityEditor.ProBuilder.HierarchyListener:.cctor () (at Library/PackageCache/com.unity.probuilder@5.0.3/Editor/EditorCore/HierarchyListener.cs:21)
System.Runtime.CompilerServices.RuntimeHelpers:RunClassConstructor (System.RuntimeTypeHandle)
UnityEditor.EditorAssemblies:ProcessInitializeOnLoadAttributes (System.Type[])

[Library/PackageCache/com.unity.probuilder@5.0.3/Editor/EditorCore/EditorUtility.cs line 575]

Mono: successfully reloaded assembly
- Completed reload, in  1.181 seconds
Domain Reload Profiling:
	ReloadAssembly (1181ms)
		BeginReloadAssembly (129ms)
			ExecutionOrderSort (0ms)
			DisableScriptedObjects (5ms)
			BackupInstance (0ms)
			ReleaseScriptingObjects (0ms)
			CreateAndSetChildDomain (40ms)
		EndReloadAssembly (998ms)
			LoadAssemblies (97ms)
			RebuildTransferFunctionScriptingTraits (0ms)
			SetupTypeCache (290ms)
			ReleaseScriptCaches (2ms)
			RebuildScriptCaches (49ms)
			SetupLoadedEditorAssemblies (444ms)
				LogAssemblyErrors (0ms)
				InitializePlatformSupportModulesInManaged (5ms)
				SetLoadedEditorAssemblies (0ms)
				RefreshPlugins (1ms)
				BeforeProcessingInitializeOnLoad (65ms)
				ProcessInitializeOnLoadAttributes (363ms)
				ProcessInitializeOnLoadMethodAttributes (5ms)
				AfterProcessingInitializeOnLoad (3ms)
				EditorAssembliesLoaded (0ms)
			ExecutionOrderSort2 (0ms)
			AwakeInstancesAfterBackupRestoration (19ms)
Platform modules already initialized, skipping
Refreshing native plugins compatible for Editor in 0.81 ms, found 2 plugins.
Preloading 0 native plugins for Editor in 0.00 ms.
Unloading 3677 Unused Serialized files (Serialized files now loaded: 0)
System memory in use before: 167.9 MB.
System memory in use after: 168.1 MB.

Unloading 19 unused Assets to reduce memory usage. Loaded Objects now: 4543.
Total: 3.605100 ms (FindLiveObjects: 0.315600 ms CreateObjectMapping: 0.136100 ms MarkObjects: 3.077600 ms  DeleteObjects: 0.074700 ms)

AssetImportParameters requested are different than current active one (requested -> active):
  custom:framework-win-MediaFoundation: 216162199b28c13a410421893ffa2e32 -> 
  custom:video-decoder-ogg-theora: a1e56fd34408186e4bbccfd4996cb3dc -> 
  custom:container-muxer-webm: aa71ff27fc2769a1b78a27578f13a17b -> 
  custom:container-demuxer-webm: 4f35f7cbe854078d1ac9338744f61a02 -> 
  custom:container-demuxer-ogg: 62fdf1f143b41e24485cea50d1cbac27 -> 
  custom:video-encoder-webm-vp8: eb34c28f22e8b96e1ab97ce403110664 -> 
  custom:video-decoder-webm-vp8: 9c59270c3fd7afecdb556c50c9e8de78 -> 
  custom:audio-decoder-ogg-vorbis: bf7c407c2cedff20999df2af8eb42d56 -> 
  custom:audio-encoder-webm-vorbis: bf7c407c2cedff20999df2af8eb42d56 -> 
AssetImportWorkerClient::OnTransportError - code=2 error=End of file
